This is pdfTeX, Version 3.141592653-2.6-1.40.29 (MiKTeX 26.5) (preloaded format=pdflatex 2026.7.13)  13 JUL 2026 22:09
entering extended mode
 restricted \write18 enabled.
 file:line:error style messages enabled.
 %&-line parsing enabled.
**c:/Users/DELL/Downloads/ACCESS_latex_template_20260513-1-1/dm-prediksi-ketepatan-lulus/ACCESS_latex_template_20260513/access.tex
(c:/Users/DELL/Downloads/ACCESS_latex_template_20260513-1-1/dm-prediksi-ketepatan-lulus/ACCESS_latex_template_20260513/access.tex
LaTeX2e <2026-06-01>
L3 programming layer <2026-06-18>
(ieeeaccess.cls (IEEEtran.cls
Document Class: IEEEtran 2015/08/26 V1.8b by Michael Shell
-- See the "IEEEtran_HOWTO" manual for usage information.
-- http://www.michaelshell.org/tex/ieeetran/
\@IEEEtrantmpdimenA=\dimen150
\@IEEEtrantmpdimenB=\dimen151
\@IEEEtrantmpdimenC=\dimen152
\@IEEEtrantmpcountA=\count276
\@IEEEtrantmpcountB=\count277
\@IEEEtrantmpcountC=\count278
\@IEEEtrantmptoksA=\toks17
LaTeX Font Info:    Trying to load font information for OT1+ptm on input line 503.
(C:\Users\DELL\AppData\Local\Programs\MiKTeX\tex/latex/psnfss\ot1ptm.fd
File: ot1ptm.fd 2001/06/04 font definitions for OT1/ptm.
)
-- Using 8.5in x 11in (letter) paper.
-- Using PDF output.
\@IEEEnormalsizeunitybaselineskip=\dimen153
-- This is a 10 point document.
LaTeX Encoding Info:    Redeclaring text command \textunderscore (encoding ?) on input line 937.
\CLASSINFOnormalsizebaselineskip=\dimen154
\CLASSINFOnormalsizeunitybaselineskip=\dimen155
\IEEEnormaljot=\dimen156
LaTeX Font Info:    Font shape `OT1/ptm/bx/n' in size <5> not available
(Font)              Font shape `OT1/ptm/b/n' tried instead on input line 1090.
LaTeX Font Info:    Font shape `OT1/ptm/bx/it' in size <5> not available
(Font)              Font shape `OT1/ptm/b/it' tried instead on input line 1090.
LaTeX Font Info:    Font shape `OT1/ptm/bx/n' in size <7> not available
(Font)              Font shape `OT1/ptm/b/n' tried instead on input line 1090.
LaTeX Font Info:    Font shape `OT1/ptm/bx/it' in size <7> not available
(Font)              Font shape `OT1/ptm/b/it' tried instead on input line 1090.
LaTeX Font Info:    Font shape `OT1/ptm/bx/n' in size <8> not available
(Font)              Font shape `OT1/ptm/b/n' tried instead on input line 1090.
LaTeX Font Info:    Font shape `OT1/ptm/bx/it' in size <8> not available
(Font)              Font shape `OT1/ptm/b/it' tried instead on input line 1090.
LaTeX Font Info:    Font shape `OT1/ptm/bx/n' in size <9> not available
(Font)              Font shape `OT1/ptm/b/n' tried instead on input line 1090.
LaTeX Font Info:    Font shape `OT1/ptm/bx/it' in size <9> not available
(Font)              Font shape `OT1/ptm/b/it' tried instead on input line 1090.
LaTeX Font Info:    Font shape `OT1/ptm/bx/n' in size <10> not available
(Font)              Font shape `OT1/ptm/b/n' tried instead on input line 1090.
LaTeX Font Info:    Font shape `OT1/ptm/bx/it' in size <10> not available
(Font)              Font shape `OT1/ptm/b/it' tried instead on input line 1090.
LaTeX Font Info:    Font shape `OT1/ptm/bx/n' in size <11> not available
(Font)              Font shape `OT1/ptm/b/n' tried instead on input line 1090.
LaTeX Font Info:    Font shape `OT1/ptm/bx/it' in size <11> not available
(Font)              Font shape `OT1/ptm/b/it' tried instead on input line 1090.
LaTeX Font Info:    Font shape `OT1/ptm/bx/n' in size <12> not available
(Font)              Font shape `OT1/ptm/b/n' tried instead on input line 1090.
LaTeX Font Info:    Font shape `OT1/ptm/bx/it' in size <12> not available
(Font)              Font shape `OT1/ptm/b/it' tried instead on input line 1090.
LaTeX Font Info:    Font shape `OT1/ptm/bx/n' in size <17> not available
(Font)              Font shape `OT1/ptm/b/n' tried instead on input line 1090.
LaTeX Font Info:    Font shape `OT1/ptm/bx/it' in size <17> not available
(Font)              Font shape `OT1/ptm/b/it' tried instead on input line 1090.
LaTeX Font Info:    Font shape `OT1/ptm/bx/n' in size <20> not available
(Font)              Font shape `OT1/ptm/b/n' tried instead on input line 1090.
LaTeX Font Info:    Font shape `OT1/ptm/bx/it' in size <20> not available
(Font)              Font shape `OT1/ptm/b/it' tried instead on input line 1090.
LaTeX Font Info:    Font shape `OT1/ptm/bx/n' in size <24> not available
(Font)              Font shape `OT1/ptm/b/n' tried instead on input line 1090.
LaTeX Font Info:    Font shape `OT1/ptm/bx/it' in size <24> not available
(Font)              Font shape `OT1/ptm/b/it' tried instead on input line 1090.
\IEEEquantizedlength=\dimen157
\IEEEquantizedlengthdiff=\dimen158
\IEEEquantizedtextheightdiff=\dimen159
\IEEEilabelindentA=\dimen160
\IEEEilabelindentB=\dimen161
\IEEEilabelindent=\dimen162
\IEEEelabelindent=\dimen163
\IEEEdlabelindent=\dimen164
\IEEElabelindent=\dimen165
\IEEEiednormlabelsep=\dimen166
\IEEEiedmathlabelsep=\dimen167
\IEEEiedtopsep=\skip49
\c@section=\count279
\c@subsection=\count280
\c@subsubsection=\count281
\c@paragraph=\count282
\c@IEEEsubequation=\count283
\abovecaptionskip=\skip50
\belowcaptionskip=\skip51
\c@figure=\count284
\c@table=\count285
\@IEEEeqnnumcols=\count286
\@IEEEeqncolcnt=\count287
\@IEEEsubeqnnumrollback=\count288
\@IEEEquantizeheightA=\dimen168
\@IEEEquantizeheightB=\dimen169
\@IEEEquantizeheightC=\dimen170
\@IEEEquantizeprevdepth=\dimen171
\@IEEEquantizemultiple=\count289
\@IEEEquantizeboxA=\box53
\@IEEEtmpitemindent=\dimen172
\IEEEPARstartletwidth=\dimen173
\c@IEEEbiography=\count290
\@IEEEtranrubishbin=\box54
) (C:\Users\DELL\AppData\Local\Programs\MiKTeX\tex/generic/iftex\ifpdf.sty
Package: ifpdf 2019/10/25 v3.4 ifpdf legacy package. Use iftex instead.
 (C:\Users\DELL\AppData\Local\Programs\MiKTeX\tex/generic/iftex\iftex.sty
Package: iftex 2024/12/12 v1.0g TeX engine tests
)) (C:\Users\DELL\AppData\Local\Programs\MiKTeX\tex/latex/xkeyval\xkeyval.sty
Package: xkeyval 2022/06/16 v2.9 package option processing (HA)
 (C:\Users\DELL\AppData\Local\Programs\MiKTeX\tex/generic/xkeyval\xkeyval.tex (C:\Users\DELL\AppData\Local\Programs\MiKTeX\tex/generic/xkeyval\xkvutils.tex
\XKV@toks=\toks18
\XKV@tempa@toks=\toks19
 (C:\Users\DELL\AppData\Local\Programs\MiKTeX\tex/generic/xkeyval\keyval.tex))
\XKV@depth=\count291
File: xkeyval.tex 2014/12/03 v2.7a key=value parser (HA)
)){C:/Users/DELL/AppData/Local/MiKTeX/fonts/map/pdftex/pdftex.map}{./t1-times.map}{./t1-formata.map}{./t1-giovannistd.map}
\@draftversionrule=\dimen174
 (C:\Users\DELL\AppData\Local\Programs\MiKTeX\tex/latex/graphics\color.sty
Package: color 2026-05-17 v1.3f Standard LaTeX Color (DPC)
 (C:\Users\DELL\AppData\Local\Programs\MiKTeX\tex/latex/graphics-cfg\color.cfg
File: color.cfg 2016/01/02 v1.6 sample color configuration
)
Package color Info: Driver file: pdftex.def on input line 149.
 (C:\Users\DELL\AppData\Local\Programs\MiKTeX\tex/latex/graphics-def\pdftex.def
File: pdftex.def 2025/09/29 v1.2d Graphics/color driver for pdftex
) (C:\Users\DELL\AppData\Local\Programs\MiKTeX\tex/latex/graphics\mathcolor.ltx)) (spotcolor.sty
Package: spotcolor 2006/11/15 v1.2 Package for adding Spot Color support to pdfLaTeX.
 (C:\Users\DELL\AppData\Local\Programs\MiKTeX\tex/latex/graphics\graphics.sty
Package: graphics 2026-05-17 v1.4h Standard LaTeX Graphics (DPC,SPQR)
 (C:\Users\DELL\AppData\Local\Programs\MiKTeX\tex/latex/graphics\trig.sty
Package: trig 2023/12/02 v1.11 sin cos tan (DPC)
) (C:\Users\DELL\AppData\Local\Programs\MiKTeX\tex/latex/graphics-cfg\graphics.cfg
File: graphics.cfg 2016/06/04 v1.11 sample graphics configuration
)
Package graphics Info: Driver file: pdftex.def on input line 106.
)
\thecolorprofile=\count292
\thecolor=\count293
)
\PANTONE=\toks20
Package color Info: Redefining color black on input line 287.
\figbox=\box55
\titlewidth=\skip52
\abstractwidth=\skip53
\c@addrCtr=\count294
\abstractbox=\box56
\indexbox=\box57
\absht=\dimen175
\kwdht=\dimen176
\@tempcntc=\count295
\titlepgskip=\skip54
\maketitlebox=\box58
) (C:\Users\DELL\AppData\Local\Programs\MiKTeX\tex/latex/cite\cite.sty
LaTeX Info: Redefining \cite on input line 302.
LaTeX Info: Redefining \nocite on input line 332.
Package: cite 2015/02/27  v 5.5
) (C:\Users\DELL\AppData\Local\Programs\MiKTeX\tex/latex/amsmath\amsmath.sty
Package: amsmath 2026/05/19 v2.18d AMS math features
\@mathmargin=\skip55

For additional information on amsmath, use the `?' option.
(C:\Users\DELL\AppData\Local\Programs\MiKTeX\tex/latex/amsmath\amstext.sty
Package: amstext 2024/11/17 v2.01 AMS text
 (C:\Users\DELL\AppData\Local\Programs\MiKTeX\tex/latex/amsmath\amsgen.sty
File: amsgen.sty 1999/11/30 v2.0 generic functions
\@emptytoks=\toks21
\ex@=\dimen177
)) (C:\Users\DELL\AppData\Local\Programs\MiKTeX\tex/latex/amsmath\amsbsy.sty
Package: amsbsy 1999/11/29 v1.2d Bold Symbols
\pmbraise@=\dimen178
) (C:\Users\DELL\AppData\Local\Programs\MiKTeX\tex/latex/amsmath\amsopn.sty
Package: amsopn 2022/04/08 v2.04 operator names
)
\inf@bad=\count296
LaTeX Info: Redefining \frac on input line 233.
\uproot@=\count297
\leftroot@=\count298
LaTeX Info: Redefining \overline on input line 398.
LaTeX Info: Redefining \colon on input line 409.
\classnum@=\count299
\DOTSCASE@=\count300
LaTeX Info: Redefining \ldots on input line 495.
LaTeX Info: Redefining \dots on input line 498.
LaTeX Info: Redefining \cdots on input line 619.
\Mathstrutbox@=\box59
\strutbox@=\box60
LaTeX Info: Redefining \big on input line 721.
LaTeX Info: Redefining \Big on input line 722.
LaTeX Info: Redefining \bigg on input line 723.
LaTeX Info: Redefining \Bigg on input line 724.
\big@size=\dimen179
LaTeX Font Info:    Redeclaring font encoding OML on input line 742.
LaTeX Font Info:    Redeclaring font encoding OMS on input line 743.
\macc@depth=\count301
LaTeX Info: Redefining \bmod on input line 904.
LaTeX Info: Redefining \pmod on input line 909.
LaTeX Info: Redefining \smash on input line 939.
LaTeX Info: Redefining \relbar on input line 969.
LaTeX Info: Redefining \Relbar on input line 970.
\c@MaxMatrixCols=\count302
\dotsspace@=\muskip17
\c@parentequation=\count303
\dspbrk@lvl=\count304
\tag@help=\toks22
\row@=\count305
\column@=\count306
\maxfields@=\count307
\andhelp@=\toks23
\eqnshift@=\dimen180
\alignsep@=\dimen181
\tagshift@=\dimen182
\tagwidth@=\dimen183
\totwidth@=\dimen184
\lineht@=\dimen185
\@envbody=\toks24
\multlinegap=\skip56
\multlinetaggap=\skip57
\mathdisplay@stack=\toks25
LaTeX Info: Redefining \[ on input line 2965.
LaTeX Info: Redefining \] on input line 2966.
) (C:\Users\DELL\AppData\Local\Programs\MiKTeX\tex/latex/amsfonts\amssymb.sty
Package: amssymb 2013/01/14 v3.01 AMS font symbols
 (C:\Users\DELL\AppData\Local\Programs\MiKTeX\tex/latex/amsfonts\amsfonts.sty
Package: amsfonts 2013/01/14 v3.01 Basic AMSFonts support
\symAMSa=\mathgroup4
\symAMSb=\mathgroup5
LaTeX Font Info:    Redeclaring math symbol \hbar on input line 98.
LaTeX Font Info:    Overwriting math alphabet `\mathfrak' in version `bold'
(Font)                  U/euf/m/n --> U/euf/b/n on input line 106.
)) (C:\Users\DELL\AppData\Local\Programs\MiKTeX\tex/latex/algorithms\algorithmic.sty
Package: algorithmic 2009/08/24 v0.1 Document Style `algorithmic'
 (C:\Users\DELL\AppData\Local\Programs\MiKTeX\tex/latex/base\ifthen.sty
Package: ifthen 2024/03/16 v1.1e Standard LaTeX ifthen package (DPC)
)
\c@ALC@unique=\count308
\c@ALC@line=\count309
\c@ALC@rem=\count310
\c@ALC@depth=\count311
\ALC@tlm=\skip58
\algorithmicindent=\skip59
) (C:\Users\DELL\AppData\Local\Programs\MiKTeX\tex/latex/graphics\graphicx.sty
Package: graphicx 2026-05-17 v1.2e Enhanced LaTeX Graphics (DPC,SPQR)
\Gin@req@height=\dimen186
\Gin@req@width=\dimen187
) (C:\Users\DELL\AppData\Local\Programs\MiKTeX\tex/latex/base\textcomp.sty
Package: textcomp 2024/04/24 v2.1b Standard LaTeX package
) (C:\Users\DELL\AppData\Local\Programs\MiKTeX\tex/latex/tools\bm.sty
Package: bm 2025/10/21 v1.2g Bold Symbol Support (DPC/FMi)
\symboldoperators=\mathgroup6
\symboldletters=\mathgroup7
\symboldsymbols=\mathgroup8
Package bm Info: No bold for \OMX/cmex/m/n, using \pmb.
Package bm Info: No bold for \U/msa/m/n, using \pmb.
Package bm Info: No bold for \U/msb/m/n, using \pmb.
LaTeX Font Info:    Redeclaring math alphabet \mathbf on input line 149.
) (C:\Users\DELL\AppData\Local\Programs\MiKTeX\tex/latex/l3backend\l3backend-pdftex.def
File: l3backend-pdftex.def 2026-02-18 L3 backend support: PDF output (pdfTeX)
\l__color_backend_stack_int=\count312
) (access.aux)
\openout1 = `access.aux'.

LaTeX Font Info:    Checking defaults for OML/cmm/m/it on input line 26.
LaTeX Font Info:    ... okay on input line 26.
LaTeX Font Info:    Checking defaults for OMS/cmsy/m/n on input line 26.
LaTeX Font Info:    ... okay on input line 26.
LaTeX Font Info:    Checking defaults for OT1/cmr/m/n on input line 26.
LaTeX Font Info:    ... okay on input line 26.
LaTeX Font Info:    Checking defaults for T1/cmr/m/n on input line 26.
LaTeX Font Info:    ... okay on input line 26.
LaTeX Font Info:    Checking defaults for TS1/cmr/m/n on input line 26.
LaTeX Font Info:    ... okay on input line 26.
LaTeX Font Info:    Checking defaults for OMX/cmex/m/n on input line 26.
LaTeX Font Info:    ... okay on input line 26.
LaTeX Font Info:    Checking defaults for U/cmr/m/n on input line 26.
LaTeX Font Info:    ... okay on input line 26.

-- Lines per column: 56 (exact).
\symNewLetters=\mathgroup9
\symxsymbols=\mathgroup10
LaTeX Font Info:    Redeclaring math symbol \ddagger on input line 26.
LaTeX Font Info:    Redeclaring math symbol \dagger on input line 26.
\c@mv@regular=\count313
LaTeX Font Info:    Encoding `OT1' has changed to `T1' for symbol font
(Font)              `operators' in the math version `regular' on input line 26.
LaTeX Font Info:    Overwriting symbol font `operators' in version `regular'
(Font)                  OT1/cmr/m/n --> T1/formata/n/n on input line 26.
LaTeX Font Info:    Overwriting symbol font `NewLetters' in version `regular'
(Font)                  T1/times/n/it --> T1/formata/n/it on input line 26.
LaTeX Font Info:    Overwriting math alphabet `\mathrm' in version `regular'
(Font)                  T1/formata/n/n --> T1/formata/n/n on input line 26.
LaTeX Font Info:    Overwriting math alphabet `\mathit' in version `regular'
(Font)                  OT1/cmr/m/it --> T1/formata/n/it on input line 26.
LaTeX Font Info:    Overwriting math alphabet `\mathbf' in version `regular'
(Font)                  OT1/cmr/bx/n --> T1/formata/m/n on input line 26.
LaTeX Font Info:    Overwriting math alphabet `\mathtt' in version `regular'
(Font)                  OT1/cmtt/m/n --> OT1/pcr/m/n on input line 26.
\c@mv@medium=\count314
LaTeX Font Info:    Encoding `OT1' has changed to `T1' for symbol font
(Font)              `operators' in the math version `medium' on input line 26.
LaTeX Font Info:    Overwriting symbol font `operators' in version `medium'
(Font)                  OT1/cmr/m/n --> T1/formata/m/n on input line 26.
LaTeX Font Info:    Overwriting symbol font `NewLetters' in version `medium'
(Font)                  T1/times/n/it --> T1/formata/m/it on input line 26.
LaTeX Font Info:    Overwriting math alphabet `\mathrm' in version `medium'
(Font)                  > T1/formata/m/n on input line 26.
LaTeX Font Info:    Overwriting math alphabet `\mathit' in version `medium'
(Font)                  OT1/cmr/m/it --> T1/formata/m/it on input line 26.
LaTeX Font Info:    Overwriting math alphabet `\mathbf' in version `medium'
(Font)                  > T1/formata/b/n on input line 26.
LaTeX Font Info:    Overwriting math alphabet `\mathtt' in version `medium'
(Font)                  OT1/cmtt/m/n --> OT1/pcr/b/n on input line 26.
\c@mv@black=\count315
LaTeX Font Info:    Encoding `OT1' has changed to `T1' for symbol font
(Font)              `operators' in the math version `black' on input line 26.
LaTeX Font Info:    Overwriting symbol font `operators' in version `black'
(Font)                  OT1/cmr/m/n --> T1/formata/b/n on input line 26.
LaTeX Font Info:    Overwriting symbol font `NewLetters' in version `black'
(Font)                  T1/times/n/it --> T1/formata/b/it on input line 26.
LaTeX Font Info:    Overwriting math alphabet `\mathrm' in version `black'
(Font)                  > T1/formata/b/n on input line 26.
LaTeX Font Info:    Overwriting math alphabet `\mathit' in version `black'
(Font)                  OT1/cmr/m/it --> T1/formata/b/it on input line 26.
LaTeX Font Info:    Overwriting math alphabet `\mathbf' in version `black'
(Font)                  > T1/formata/b/n on input line 26.
LaTeX Font Info:    Overwriting math alphabet `\mathtt' in version `black'
(Font)                  OT1/cmtt/m/n --> OT1/pcr/b/n on input line 26.
LaTeX Font Info:    Trying to load font information for T1+ptm on input line 26.
(C:\Users\DELL\AppData\Local\Programs\MiKTeX\tex/latex/psnfss\t1ptm.fd
File: t1ptm.fd 2001/06/04 font definitions for T1/ptm.
)
LaTeX Font Info:    Trying to load font information for T1+times on input line 26.
 (t1times.fd) (C:\Users\DELL\AppData\Local\Programs\MiKTeX\tex/context/base/mkii\supp-pdf.mkii
[Loading MPS to PDF converter (version 2006.09.02).]
\scratchcounter=\count316
\scratchdimen=\dimen188
\scratchbox=\box61
\nofMPsegments=\count317
\nofMParguments=\count318
\everyMPshowfont=\toks26
\MPscratchCnt=\count319
\MPscratchDim=\dimen189
\MPnumerator=\count320
\makeMPintoPDFobject=\count321
\everyMPtoPDFconversion=\toks27
) (C:\Users\DELL\AppData\Local\Programs\MiKTeX\tex/latex/epstopdf-pkg\epstopdf-base.sty
Package: epstopdf-base 2020-01-24 v2.11 Base part for package epstopdf
Package epstopdf-base Info: Redefining graphics rule for `.eps' on input line 485.
 (C:\Users\DELL\AppData\Local\Programs\MiKTeX\tex/latex/00miktex\epstopdf-sys.cfg
File: epstopdf-sys.cfg 2021/03/18 v2.0 Configuration of epstopdf for MiKTeX
))
LaTeX Font Info:    Redeclaring math version `bold' on input line 26.
LaTeX Font Info:    Encoding `OT1' has changed to `T1' for symbol font
(Font)              `operators' in the math version `bold' on input line 26.
LaTeX Font Info:    Overwriting symbol font `operators' in version `bold'
(Font)                  OT1/cmr/m/n --> T1/times/b/n on input line 26.
LaTeX Font Info:    Overwriting symbol font `NewLetters' in version `bold'
(Font)                  T1/times/n/it --> T1/times/b/it on input line 26.
LaTeX Font Info:    Overwriting math alphabet `\mathrm' in version `bold'
(Font)                  > T1/times/b/n on input line 26.
LaTeX Font Info:    Overwriting math alphabet `\mathit' in version `bold'
(Font)                  OT1/cmr/m/it --> T1/times/b/it on input line 26.
LaTeX Font Info:    Overwriting math alphabet `\mathbf' in version `bold'
(Font)                  > T1/times/b/n on input line 26.
LaTeX Font Info:    Overwriting math alphabet `\mathtt' in version `bold'
(Font)                  OT1/cmtt/m/n --> OT1/pcr/b/n on input line 26.
LaTeX Font Info:    Overwriting symbol font `symbols' in version `bold'
(Font)                  OMS/cmsy/m/n --> OMS/cmsy/b/n on input line 26.
<bullet.png, id=3, 12.045pt x 35.38219pt>
File: bullet.png Graphic file (type png)
<use bullet.png>
Package pdftex.def Info: bullet.png  used on input line 45.
(pdftex.def)             Requested size: 5.0pt x 14.6871pt.
LaTeX Font Info:    Trying to load font information for T1+pcr on input line 46.
 (C:\Users\DELL\AppData\Local\Programs\MiKTeX\tex/latex/psnfss\t1pcr.fd
File: t1pcr.fd 2001/06/04 font definitions for T1/pcr.
)

LaTeX Font Warning: Font shape `T1/pcr/n/n' undefined
(Font)              using `T1/pcr/m/n' instead on input line 46.

File: bullet.png Graphic file (type png)
<use bullet.png>
Package pdftex.def Info: bullet.png  used on input line 49.
(pdftex.def)             Requested size: 5.0pt x 14.6871pt.
LaTeX Font Info:    Trying to load font information for U+msa on input line 55.
(C:\Users\DELL\AppData\Local\Programs\MiKTeX\tex/latex/amsfonts\umsa.fd
File: umsa.fd 2013/01/14 v3.01 AMS symbols A
)
LaTeX Font Info:    Trying to load font information for U+msb on input line 55.
 (C:\Users\DELL\AppData\Local\Programs\MiKTeX\tex/latex/amsfonts\umsb.fd
File: umsb.fd 2013/01/14 v3.01 AMS symbols B
)
LaTeX Font Info:    Calculating math sizes for size <9.9> on input line 55.
LaTeX Font Info:    Calculating math sizes for size <6.6> on input line 55.

Overfull \hbox (9.2679pt too wide) in paragraph at lines 55--55
[]  
 []


Overfull \hbox (9.2679pt too wide) in paragraph at lines 55--55
[]  
 []


Underfull \hbox (badness 1810) in paragraph at lines 59--60
\T1/times/n/n/10 in-dika-tor utama dalam sis-tem akred-i-tasi per-gu-ruan
 []


Underfull \hbox (badness 1983) in paragraph at lines 59--60
\T1/times/n/n/10 gu-ruan Tinggi (BAN-PT) un-tuk me-ni-lai efek-tiv-i-tas pro-
 []


Underfull \hbox (badness 10000) in paragraph at lines 61--62
[]\T1/times/n/n/10 Setiap in-sti-tusi pen-didikan tinggi meny-im-pan data
 []


Underfull \hbox (badness 3354) in paragraph at lines 61--62
\T1/times/n/n/10 menawarkan pen-dekatan sis-tem-a-tis un-tuk mengek-straksi
 []


Underfull \vbox (badness 1496) has occurred while \output is active []


Underfull \vbox (badness 10000) has occurred while \output is active []

<logo.png, id=4, 206.27063pt x 53.44969pt>
File: logo.png Graphic file (type png)
<use logo.png>
Package pdftex.def Info: logo.png  used on input line 64.
(pdftex.def)             Requested size: 91.32pt x 23.66309pt.

Overfull \hbox (505.12177pt too wide) has occurred while \output is active
[]
 []


Overfull \hbox (505.12177pt too wide) has occurred while \output is active
[]
 []


Overfull \hbox (505.12177pt too wide) has occurred while \output is active
[]
 []


Underfull \hbox (badness 10000) has occurred while \output is active
[]
 []

[1{C:/Users/DELL/AppData/Local/Programs/MiKTeX/fonts/enc/dvips/base/8r.enc}


 <./logo.png> <./bullet.png>]
Underfull \hbox (badness 1762) in paragraph at lines 73--74
\T1/times/n/n/10 da-pat menggen-er-al-isasi pada strategi val-i-dasi yang
 []


Underfull \hbox (badness 4739) in paragraph at lines 82--83
[]\T1/times/n/n/10 Rabelo dan Zárate [7] men-gusulkan model prediksi
 []


Underfull \hbox (badness 3240) in paragraph at lines 82--83
\T1/times/n/it/10 dropout \T1/times/n/n/10 meng-gu-nakan al-go-ritma CART den-gan akurasi
 []


Overfull \hbox (1.62288pt too wide) in paragraph at lines 82--83
\T1/times/n/n/10 89,2% pada data ma-ha-siswa Brasil. Studi mereka menekankan
 []


Underfull \hbox (badness 3815) in paragraph at lines 87--88
\T1/times/n/n/10 den-gan DT dalam sis-tem prediksi per-forma akademik.
 []


Underfull \hbox (badness 1735) in paragraph at lines 87--88
\T1/times/n/n/10 pen-didik mengi-den-ti-fikasi fak-tor risiko in-di-vid-ual ma-ha-
 []


Underfull \hbox (badness 2376) in paragraph at lines 87--88
\T1/times/n/n/10 tidak hanya berfungsi se-ba-gai alat prediksi, tetapi juga
 []


Underfull \hbox (badness 1946) in paragraph at lines 87--88
\T1/times/n/n/10 se-ba-gai jem-batan ko-mu-nikasi an-tara data dan ke-bi-jakan
 []

<notaglinelogo.png, id=18, 169.38281pt x 42.91031pt>
File: notaglinelogo.png Graphic file (type png)
<use notaglinelogo.png>
Package pdftex.def Info: notaglinelogo.png  used on input line 91.
(pdftex.def)             Requested size: 91.32pt x 23.1352pt.

LaTeX Font Warning: Font shape `T1/formata/m/sl' undefined
(Font)              using `T1/formata/m/it' instead on input line 91.


Overfull \hbox (505.12177pt too wide) has occurred while \output is active
[]
 []


Overfull \hbox (505.12177pt too wide) has occurred while \output is active
[]
 []


Underfull \hbox (badness 10000) has occurred while \output is active
[]
 []

[2 <./notaglinelogo.png>]
Underfull \hbox (badness 1622) in paragraph at lines 92--93
\T1/times/n/n/10 jum-lah sim-pul (kom-plek-si-tas) meng-hasilkan model yang
 []


Underfull \hbox (badness 1533) in paragraph at lines 106--107
\T1/times/n/n/10 ($\OMS/cmsy/m/n/10 ^^@\OT1/cmr/m/n/10 401$ \T1/times/n/n/10 ma-ha-siswa) karena sta-tus kelu-lu-san mereka
 []


Underfull \hbox (badness 4366) in paragraph at lines 119--120
\T1/times/n/n/10 im-putasi meng-gu-nakan satu ni-lai me-dian tung-gal
 []


LaTeX Font Warning: Font shape `T1/formata/m/sl' undefined
(Font)              using `T1/formata/m/it' instead on input line 120.

File: notaglinelogo.png Graphic file (type png)
<use notaglinelogo.png>
Package pdftex.def Info: notaglinelogo.png  used on input line 120.
(pdftex.def)             Requested size: 91.32pt x 23.1352pt.

Overfull \hbox (505.12177pt too wide) has occurred while \output is active
[]
 []


Overfull \hbox (505.12177pt too wide) has occurred while \output is active
[]
 []


Underfull \hbox (badness 10000) has occurred while \output is active
[]
 []

[3]
Underfull \hbox (badness 10000) in paragraph at lines 122--123
[]\T1/times/n/n/10 Sebanyak 14 fi-tur predik-tor akademik ter-pilih un-
 []


Underfull \hbox (badness 1968) in paragraph at lines 122--123
\T1/times/n/n/10 tuk melatih model, yang dikelom-pokkan ke dalam per-
 []


Underfull \hbox (badness 3503) in paragraph at lines 122--123
\T1/times/n/n/10 ku-liah ga-gal (\T1/pcr/n/n/10 failed_courses\T1/times/n/n/10 , \T1/pcr/n/n/10 failed_in_sem1\T1/times/n/n/10 ,
 []


Overfull \hbox (21.65645pt too wide) in paragraph at lines 122--123
\T1/pcr/n/n/10 avg_ips\T1/times/n/n/10 , \T1/pcr/n/n/10 ips_std\T1/times/n/n/10 , \T1/pcr/n/n/10 ips_min\T1/times/n/n/10 , \T1/pcr/n/n/10 sks_completion_ratio\T1/times/n/n/10 ).
 []


Underfull \hbox (badness 6032) in paragraph at lines 122--123
\T1/times/n/n/10 Fi-tur non-akademik (de-mografi, agama, je-nis ke-lamin,
 []


Underfull \hbox (badness 4168) in paragraph at lines 122--123
\T1/times/n/n/10 tingkat ke-hadi-ran den-gan 53% data hi-lang) serta data
 []


Underfull \hbox (badness 2213) in paragraph at lines 135--136
[]\T1/times/n/n/10 Kedalaman mak-si-mum (\T1/pcr/n/n/10 max_depth\T1/times/n/n/10 ): [3, 4, 5, 6,
 []


Overfull \hbox (14.537pt too wide) in paragraph at lines 136--137
[]\T1/times/n/n/10 Jumlah min-i-mum sam-pel di daun (\T1/pcr/n/n/10 min_samples_leaf\T1/times/n/n/10 ):
 []


Overfull \hbox (8.88034pt too wide) in paragraph at lines 137--138
[]\T1/times/n/n/10 Jumlah min-i-mum sam-pel split (\T1/pcr/n/n/10 min_samples_split\T1/times/n/n/10 ):
 []


Underfull \hbox (badness 4927) in paragraph at lines 141--142
\T1/times/n/n/10 Tuning tam-ba-han di-uji den-gan mema-sukkan pa-ram-e-ter
 []


Underfull \hbox (badness 6316) in paragraph at lines 144--146
\T1/times/n/n/10 Untuk men-gukur ke-sen-jan-gan per-forma an-tara kon-disi
 []


Underfull \hbox (badness 1742) in paragraph at lines 147--148
[]\T1/times/b/n/10 Temporal Val-i-da-tion Split: \T1/times/n/n/10 Data di-latih meng-gu-
 []

File: notaglinelogo.png Graphic file (type png)
<use notaglinelogo.png>
Package pdftex.def Info: notaglinelogo.png  used on input line 182.
(pdftex.def)             Requested size: 91.32pt x 23.1352pt.

LaTeX Font Warning: Font shape `T1/formata/m/sl' undefined
(Font)              using `T1/formata/m/it' instead on input line 182.


Overfull \hbox (505.12177pt too wide) has occurred while \output is active
[]
 []


Overfull \hbox (505.12177pt too wide) has occurred while \output is active
[]
 []


Underfull \hbox (badness 10000) has occurred while \output is active
[]
 []

[4]
Underfull \hbox (badness 2503) in paragraph at lines 185--186
\T1/times/n/n/10 Optimasi meng-gu-nakan \T1/pcr/n/n/10 GridSearchCV \T1/times/n/n/10 den-gan 5-fold
 []


Overfull \hbox (59.9703pt too wide) in paragraph at lines 188--189
[]\T1/times/b/n/10 01-Tuned\T1/times/n/n/10 : \T1/times/n/it/10 Pre-pruning \T1/times/n/n/10 den-gan \T1/pcr/n/n/10 max_depth\T1/times/n/n/10 , \T1/pcr/n/n/10 min_samples_leaf\T1/times/n/n/10 ,
 []


Overfull \hbox (2.85028pt too wide) in paragraph at lines 190--191
[]\T1/times/b/n/10 03-Combined\T1/times/n/n/10 : Tun-ing tam-ba-han pada \T1/pcr/n/n/10 max_features
 []


Overfull \hbox (8.97612pt too wide) in paragraph at lines 225--238
 [] 
 []


Underfull \hbox (badness 2698) in paragraph at lines 241--242
\T1/times/n/n/10 3 ($\OMS/cmsy/m/n/10 ^^T$\T1/times/n/n/10 18,5) cen-derung tidak lu-lus tepat waktu. Pola ini
 []


Underfull \hbox (badness 2495) in paragraph at lines 241--242
\T1/times/n/n/10 mengindikasikan keti-dak-mam-puan ma-ha-siswa mem-per-ta-
 []


Underfull \hbox (badness 1968) in paragraph at lines 243--244
[]\T1/times/n/n/10 Analisis \T1/times/n/it/10 Fea-ture Im-por-tance \T1/times/n/n/10 meng-gu-nakan \T1/times/n/it/10 Mean De-
 []


Underfull \hbox (badness 2384) in paragraph at lines 260--261
[]\T1/times/n/n/10 Kombinasi \T1/pcr/n/n/10 sks_sem2 \T1/times/n/n/10 dan \T1/pcr/n/n/10 sks_sem3 \T1/times/n/n/10 menyum-bang
 []


Underfull \hbox (badness 2538) in paragraph at lines 260--261
\T1/times/n/n/10 ini se-jalan den-gan studi Vega-Rebolledo dkk. [9] yang
 []


Underfull \hbox (badness 2142) in paragraph at lines 287--288
[]\T1/times/n/n/10 Pertama, \T1/times/b/n/10 keti-dak-se-im-ban-gan sam-pel tem-po-ral\T1/times/n/n/10 . Data
 []


LaTeX Font Warning: Font shape `T1/formata/m/sl' undefined
(Font)              using `T1/formata/m/it' instead on input line 288.

File: notaglinelogo.png Graphic file (type png)
<use notaglinelogo.png>
Package pdftex.def Info: notaglinelogo.png  used on input line 288.
(pdftex.def)             Requested size: 91.32pt x 23.1352pt.

Overfull \hbox (505.12177pt too wide) has occurred while \output is active
[]
 []


Overfull \hbox (505.12177pt too wide) has occurred while \output is active
[]
 []


Underfull \hbox (badness 10000) has occurred while \output is active
[]
 []

[5]
Underfull \hbox (badness 3386) in paragraph at lines 299--300
[]\T1/times/n/n/10 Pengujian sta-bil-i-tas struk-tur po-hon di-lakukan den-gan
 []


Underfull \hbox (badness 1460) in paragraph at lines 299--300
\T1/times/n/n/10 melatih ulang model pada 10 \T1/times/n/it/10 folds \T1/times/n/n/10 berbeda dalam ske-
 []


Underfull \hbox (badness 3861) in paragraph at lines 299--300
\T1/times/n/n/10 nario \T1/times/n/it/10 strat-i-fied full-dataset train-ing\T1/times/n/n/10 . Sim-pul akar (\T1/times/n/it/10 root
 []


Overfull \hbox (6.02295pt too wide) in paragraph at lines 308--309
\T1/times/n/n/10 berhasil mengi-den-ti-fikasi kon-fig-urasi op-ti-mal \T1/pcr/n/n/10 max_depth\T1/times/n/n/10 =3,
 []


Underfull \hbox (badness 7595) in paragraph at lines 308--309
\T1/pcr/n/n/10 min_samples_leaf\T1/times/n/n/10 =10, dan \T1/pcr/n/n/10 criterion='gini'\T1/times/n/n/10 .
 []


Underfull \hbox (badness 2903) in paragraph at lines 310--311
\T1/times/n/n/10 ing ni-lai akademik (IPS), mengindikasikan bahwa pola
 []

File: notaglinelogo.png Graphic file (type png)
<use notaglinelogo.png>
Package pdftex.def Info: notaglinelogo.png  used on input line 314.
(pdftex.def)             Requested size: 91.32pt x 23.1352pt.

LaTeX Font Warning: Font shape `T1/formata/m/sl' undefined
(Font)              using `T1/formata/m/it' instead on input line 314.


Overfull \hbox (505.12177pt too wide) has occurred while \output is active
[]
 []


Overfull \hbox (505.12177pt too wide) has occurred while \output is active
[]
 []


Underfull \hbox (badness 10000) has occurred while \output is active
[]
 []

[6]
Underfull \hbox (badness 1377) in paragraph at lines 330--331
\T1/times/n/n/7.61 a-lyz-ing stu-dents' aca-demic per-for-mance us-ing ed-u-ca-tional data min-
 []


Underfull \hbox (badness 4819) in paragraph at lines 330--331
\T1/times/n/n/7.61 ing,'' \T1/times/n/it/7.61 Com-put. Educ. Ar-tif. In-tell.\T1/times/n/n/7.61 , vol. 7, p. 100263, 2024, doi:
 []


Underfull \hbox (badness 2368) in paragraph at lines 340--341
[]\T1/times/n/n/7.61 I. Vega-Rebolledo, A. J. Sánchez-García, J. J. Muńoz León, J. O.
 []


Underfull \hbox (badness 3240) in paragraph at lines 348--349
[]\T1/times/n/n/7.61 H. Zhang and J. Yu, ``Data-Driven Pre-dic-tion of Root Zone Soil
 []


Underfull \hbox (badness 6741) in paragraph at lines 348--349
\T1/times/n/n/7.61 Mois-ture In-crease Dy-nam-ics Us-ing Re-cur-sive Par-ti-tion-ing Trees,''
 []


Underfull \hbox (badness 4913) in paragraph at lines 348--349
\T1/times/n/it/7.61 Air Soil Wa-ter Res.\T1/times/n/n/7.61 , vol. 19, p. 11786221261429782, 2026, doi:
 []


Underfull \hbox (badness 1354) in paragraph at lines 354--355
[]\T1/times/n/n/7.61 N. P. N. Fauzi, S. Khom-sah, and A. D. P. Wicak-sono, ``Pen-er-a-pan
 []


Underfull \hbox (badness 2961) in paragraph at lines 354--355
\T1/times/n/n/7.61 Akurasi Model Ran-dom For-est pada Klasi-fikasi Risiko Kredit,'' \T1/times/n/it/7.61 J.
 []


Underfull \hbox (badness 1742) in paragraph at lines 354--355
\T1/times/n/it/7.61 Teknol. Inf. Ilmu Kom-put.\T1/times/n/n/7.61 , vol. 12, no. 1, pp. 847--856, 2025, doi:
 []


Underfull \hbox (badness 1584) in paragraph at lines 358--359
\T1/times/n/n/7.61 com-par-i-son,'' \T1/times/n/it/7.61 Co-gent Educ.\T1/times/n/n/7.61 , vol. 12, no. 1, p. 2571691, 2025, doi:
 []


Underfull \hbox (badness 3657) in paragraph at lines 362--363
\T1/times/n/n/7.61 Based Ap-proach,'' \T1/times/n/it/7.61 Educ. Sci.\T1/times/n/n/7.61 , vol. 16, no. 1, p. 109, 2026, doi:
 []


Underfull \hbox (badness 1383) in paragraph at lines 368--369
\T1/times/n/n/7.61 clin-i-cal in-di-ca-tors and prog-no-sis in hos-pi-tal-ized chil-dren with pneu-
 []


Underfull \hbox (badness 2343) in paragraph at lines 368--369
\T1/times/n/n/7.61 learn-ing al-go-rithms,'' \T1/times/n/it/7.61 Front. Med.\T1/times/n/n/7.61 , vol. 13, p. 1747935, 2026, doi:
 []


Underfull \hbox (badness 6493) in paragraph at lines 374--375
[]\T1/times/n/n/7.61 R. A. Smith and L. K. John-son, ``Ad-dress-ing Miss-ing Data in
 []


Underfull \hbox (badness 1796) in paragraph at lines 374--375
\T1/times/n/n/7.61 Sur-veys and Im-ple-ment-ing Im-pu-ta-tion Meth-ods: A Prac-ti-cal Frame-
 []


LaTeX Font Warning: Font shape `T1/formata/m/sl' undefined
(Font)              using `T1/formata/m/it' instead on input line 379.

File: notaglinelogo.png Graphic file (type png)
<use notaglinelogo.png>
Package pdftex.def Info: notaglinelogo.png  used on input line 379.
(pdftex.def)             Requested size: 91.32pt x 23.1352pt.

Overfull \hbox (505.12177pt too wide) has occurred while \output is active
[]
 []


Overfull \hbox (505.12177pt too wide) has occurred while \output is active
[]
 []


Underfull \hbox (badness 10000) has occurred while \output is active
[]
 []

[7]
File: bullet.png Graphic file (type png)
<use bullet.png>
Package pdftex.def Info: bullet.png  used on input line 395.
(pdftex.def)             Requested size: 5.0pt x 14.6871pt.
File: notaglinelogo.png Graphic file (type png)
<use notaglinelogo.png>
Package pdftex.def Info: notaglinelogo.png  used on input line 397.
(pdftex.def)             Requested size: 91.32pt x 23.1352pt.


LaTeX Font Warning: Font shape `T1/formata/m/sl' undefined
(Font)              using `T1/formata/m/it' instead on input line 397.


Overfull \hbox (505.12177pt too wide) has occurred while \output is active
[]
 []


Overfull \hbox (505.12177pt too wide) has occurred while \output is active
[]
 []


Underfull \hbox (badness 10000) has occurred while \output is active
[]
 []

[8

] (access.aux)
 ***********
LaTeX2e <2026-06-01>
L3 programming layer <2026-06-18>
 ***********


LaTeX Font Warning: Some font shapes were not available, defaults substituted.

 ) 
Here is how much of TeX's memory you used:
 4712 strings out of 467510
 75323 string characters out of 5409280
 511508 words of memory out of 5000000
 33850 multiletter control sequences out of 15000+600000
 718399 words of font info for 188 fonts, out of 8000000 for 9000
 1141 hyphenation exceptions out of 8191
 72i,13n,79p,1708b,517s stack positions out of 10000i,1000n,20000p,200000b,200000s
<C:/Users/DELL/AppData/Local/Programs/MiKTeX/fonts/type1/public/amsfonts/cm/cmex10.pfb><C:/Users/DELL/AppData/Local/Programs/MiKTeX/fonts/type1/public/amsfonts/cm/cmmi10.pfb><C:/Users/DELL/AppData/Local/Programs/MiKTeX/fonts/type1/public/amsfonts/cm/cmmi9.pfb><C:/Users/DELL/AppData/Local/Programs/MiKTeX/fonts/type1/public/amsfonts/cm/cmr10.pfb><C:/Users/DELL/AppData/Local/Programs/MiKTeX/fonts/type1/public/amsfonts/cm/cmr7.pfb><C:/Users/DELL/AppData/Local/Programs/MiKTeX/fonts/type1/public/amsfonts/cm/cmsy10.pfb><C:/Users/DELL/AppData/Local/Programs/MiKTeX/fonts/type1/public/amsfonts/cm/cmsy7.pfb><C:/Users/DELL/AppData/Local/Programs/MiKTeX/fonts/type1/public/amsfonts/cm/cmsy9.pfb><./t1-formata-bold.pfb><./t1-formata-condmedium.pfb><./t1-formata-medium.pfb><./t1-formata-mediumitalic.pfb><./t1-formata-regular.pfb><./t1-giovannistd-bookitalic.pfb><./t1-times-bold.pfb><./t1-times-bolditalic.pfb><./t1-times-italic.pfb><./t1-times.pfb><C:/Users/DELL/AppData/Local/Programs/MiKTeX/fonts/type1/urw/courier/ucrr8a.pfb>
Output written on access.pdf (8 pages, 387235 bytes).
PDF statistics:
 130 PDF objects out of 1000 (max. 8388607)
 0 named destinations out of 1000 (max. 500000)
 24 words of extra memory for PDF output out of 10000 (max. 10000000)

